<?xml version="1.0" encoding="UTF-8"?>
<!-- Generated by org.testng.reporters.JUnitReportReporter -->
<testsuite hostname="LAPTOP-NJ4R4OAH" failures="0" tests="1" name="com.CQA.RESTAPI.Deserialization" time="8.229" errors="0" timestamp="2022-08-02T17:21:42 IST" skipped="0">
  <testcase classname="com.CQA.RESTAPI.Deserialization" name="deserialze" time="8.229"/>
  <system-out/>
</testsuite> <!-- com.CQA.RESTAPI.Deserialization -->
