<?xml version="1.0" encoding="UTF-8"?>
<!-- Generated by org.testng.reporters.JUnitReportReporter -->
<testsuite hostname="LAPTOP-NJ4R4OAH" failures="0" tests="1" name="com.CQA.RESTAPI.RestApiTest" time="5.326" errors="0" timestamp="2022-07-26T13:12:18 IST" skipped="0">
  <testcase classname="com.CQA.RESTAPI.RestApiTest" name="getCommentforPostId1" time="5.326"/>
  <system-out/>
</testsuite> <!-- com.CQA.RESTAPI.RestApiTest -->
