<?xml version="1.0" encoding="UTF-8"?>
<!-- Generated by org.testng.reporters.JUnitReportReporter -->
<testsuite hostname="LAPTOP-NJ4R4OAH" failures="0" tests="1" name="com.CQA.RESTAPI.RestApiTest" time="6.428" errors="0" timestamp="2022-08-24T12:10:53 IST" skipped="0">
  <testcase classname="com.CQA.RESTAPI.RestApiTest" name="getPosts" time="6.428"/>
  <system-out/>
</testsuite> <!-- com.CQA.RESTAPI.RestApiTest -->
