<?xml version="1.0" encoding="UTF-8"?>
<!-- Generated by org.testng.reporters.JUnitReportReporter -->
<testsuite hostname="LAPTOP-NJ4R4OAH" failures="0" tests="2" name="com.CQA.RESTAPI.spotifyApi" time="3.421" errors="0" timestamp="2022-07-26T16:38:33 IST" skipped="0">
  <testcase classname="com.CQA.RESTAPI.spotifyApi" name="GetUsersProfile" time="2.413"/>
  <system-out/>
  <testcase classname="com.CQA.RESTAPI.spotifyApi" name="GetCurrentUsersProfile" time="1.008"/>
  <system-out/>
</testsuite> <!-- com.CQA.RESTAPI.spotifyApi -->
