<?xml version="1.0" encoding="UTF-8"?>
<!-- Generated by org.testng.reporters.JUnitReportReporter -->
<testsuite hostname="LAPTOP-NJ4R4OAH" failures="0" tests="1" name="com.CQA.APIFramework.TestGETPerson" time="4.364" errors="0" timestamp="2022-08-09T12:18:58 IST" skipped="0">
  <testcase classname="com.CQA.APIFramework.TestGETPerson" name="testGetAllPerson" time="4.364"/>
  <system-out/>
</testsuite> <!-- com.CQA.APIFramework.TestGETPerson -->
