<?xml version="1.0" encoding="UTF-8"?>
<!-- Generated by org.testng.reporters.JUnitReportReporter -->
<testsuite hostname="LAPTOP-NJ4R4OAH" failures="0" tests="1" name="com.CQA.APIFramework.TestGETPerson" time="5.354" errors="0" timestamp="2022-08-19T14:04:37 IST" skipped="0">
  <testcase classname="com.CQA.APIFramework.TestGETPerson" name="testGetAllPerson" time="5.354"/>
  <system-out/>
</testsuite> <!-- com.CQA.APIFramework.TestGETPerson -->
