<?xml version="1.0" encoding="UTF-8"?>
<!-- Generated by org.testng.reporters.JUnitReportReporter -->
<testsuite hostname="LAPTOP-NJ4R4OAH" failures="0" tests="1" name="com.CQA.APIFramework.TestPOSTPerson" time="5.016" errors="0" timestamp="2022-08-09T12:32:41 IST" skipped="0">
  <testcase classname="com.CQA.APIFramework.TestPOSTPerson" name="testPOSTCreatePerson" time="5.016"/>
  <system-out/>
</testsuite> <!-- com.CQA.APIFramework.TestPOSTPerson -->
